> Task :compileJava UP-TO-DATE
> Task :processResources
> Task :classes
> Task :resolveMainClassName

> Task :bootRun
18:11:10,628 |-INFO in ch.qos.logback.core.model.processor.AppenderModelHandler - Processing appender named [CONSOLE]
18:11:10,628 |-INFO in ch.qos.logback.core.model.processor.AppenderModelHandler - About to instantiate appender of type [ch.qos.logback.core.ConsoleAppender]
18:11:10,630 |-INFO in ch.qos.logback.core.model.processor.ImplicitModelHandler - Assuming default type [ch.qos.logback.classic.encoder.PatternLayoutEncoder] for [encoder] property
18:11:10,644 |-WARN in ch.qos.logback.core.model.processor.AppenderModelHandler - Appender named [LOGTAIL] not referenced. Skipping further processing.
18:11:10,644 |-INFO in ch.qos.logback.classic.model.processor.RootLoggerModelHandler - Setting level of ROOT logger to INFO
18:11:10,644 |-INFO in ch.qos.logback.classic.jul.LevelChangePropagator@60a2630a - Propagating INFO level on Logger[ROOT] onto the JUL framework
18:11:10,645 |-INFO in ch.qos.logback.core.model.processor.AppenderRefModelHandler - Attaching appender named [CONSOLE] to Logger[ROOT]
18:11:10,645 |-INFO in ch.qos.logback.classic.model.processor.LoggerModelHandler - Setting level of logger [org.hibernate] to WARN
18:11:10,645 |-INFO in ch.qos.logback.classic.jul.LevelChangePropagator@60a2630a - Propagating WARN level on Logger[org.hibernate] onto the JUL framework
18:11:10,645 |-INFO in ch.qos.logback.classic.model.processor.LoggerModelHandler - Setting level of logger [org.springframework] to WARN
18:11:10,645 |-INFO in ch.qos.logback.classic.jul.LevelChangePropagator@60a2630a - Propagating WARN level on Logger[org.springframework] onto the JUL framework
18:11:10,645 |-INFO in ch.qos.logback.classic.model.processor.LoggerModelHandler - Setting level of logger [com.zaxxer.hikari] to WARN
18:11:10,645 |-INFO in ch.qos.logback.classic.jul.LevelChangePropagator@60a2630a - Propagating WARN level on Logger[com.zaxxer.hikari] onto the JUL framework
18:11:10,645 |-INFO in ch.qos.logback.classic.model.processor.LoggerModelHandler - Setting level of logger [com.mine] to DEBUG
18:11:10,645 |-INFO in ch.qos.logback.classic.jul.LevelChangePropagator@60a2630a - Propagating DEBUG level on Logger[com.mine] onto the JUL framework
18:11:10,645 |-INFO in ch.qos.logback.core.model.processor.DefaultProcessor@29df4d43 - End of configuration.
18:11:10,645 |-INFO in org.springframework.boot.logging.logback.SpringBootJoranConfigurator@5dd91bca - Registering current configuration as safe fallback point


  .   ____          _            __ _ _
 /\\ / ___'_ __ _ _(_)_ __  __ _ \ \ \ \
( ( )\___ | '_ | '_| | '_ \/ _` | \ \ \ \
 \\/  ___)| |_)| | | | | || (_| |  ) ) ) )
  '  |____| .__|_| |_|_| |_\__, | / / / /
 =========|_|==============|___/=/_/_/_/
 :: Spring Boot ::                (v3.2.0)

2026-02-13 18:11:10 [main] INFO  com.mine.api.MineApplication - Starting MineApplication using Java 17.0.12 with PID 24848 (C:\Dev\workspace\project\Mine\Mine_server\build\classes\java\main started by 7even in C:\Dev\workspace\project\Mine\Mine_server)
2026-02-13 18:11:10 [main] DEBUG com.mine.api.MineApplication - Running with Spring Boot v3.2.0, Spring v6.1.1
2026-02-13 18:11:10 [main] INFO  com.mine.api.MineApplication - No active profile set, falling back to 1 default profile: "default"
2026-02-13 18:11:12 [main] INFO  o.a.coyote.http11.Http11NioProtocol - Initializing ProtocolHandler ["http-nio-8080"]
2026-02-13 18:11:12 [main] INFO  o.a.catalina.core.StandardService - Starting service [Tomcat]
2026-02-13 18:11:12 [main] INFO  o.a.catalina.core.StandardEngine - Starting Servlet engine: [Apache Tomcat/10.1.16]
2026-02-13 18:11:12 [main] INFO  o.a.c.c.C.[Tomcat].[localhost].[/] - Initializing Spring embedded WebApplicationContext
Hibernate: 
    alter table follows 
       drop 
       foreign key FKqnkw0cwwh6572nyhvdjqlr163
Hibernate: 
    alter table follows 
       drop 
       foreign key FKonkdkae2ngtx70jqhsh7ol6uq
Hibernate: 
    alter table magazine_interactions 
       drop 
       foreign key FKcpb788ybpnq3bd2i914lcibb5
Hibernate: 
    alter table magazine_likes 
       drop 
       foreign key FKj5n3l1l7y03mtcub59ie8m6ao
Hibernate: 
    alter table magazine_likes 
       drop 
       foreign key FKn6g8yqc5v1rvflhvrjj9xa0x3
Hibernate: 
    alter table magazine_sections 
       drop 
       foreign key FKorapmi6fk6vadrfjvxuqljha6
Hibernate: 
    alter table magazines 
       drop 
       foreign key FKfiwey3ksjglkagiievnjw3bus
Hibernate: 
    alter table paragraph 
       drop 
       foreign key FK8uxi8uoutbs7ipnw6ll0rc0h5
Hibernate: 
    alter table section_view_history 
       drop 
       foreign key FKxmiqxhhluqh3dhykloiccfxn
Hibernate: 
    alter table section_view_history 
       drop 
       foreign key FKckcrbn20g8msum4vky8h46nwn
Hibernate: 
    alter table user_interests 
       drop 
       foreign key FK8h2mk04o9ctuoqvntl29chtcm
Hibernate: 
    alter table user_interests 
       drop 
       foreign key FKdv9fflrh61wyuujfwx2yn1tb4
Hibernate: 
    drop table if exists blacklisted_tokens
Hibernate: 
    drop table if exists follows
Hibernate: 
    drop table if exists interests
Hibernate: 
    drop table if exists magazine_interactions
Hibernate: 
    drop table if exists magazine_likes
Hibernate: 
    drop table if exists magazine_sections
Hibernate: 
    drop table if exists magazines
Hibernate: 
    drop table if exists moodboards
Hibernate: 
    drop table if exists paragraph
Hibernate: 
    drop table if exists section_view_history
Hibernate: 
    drop table if exists user_interests
Hibernate: 
    drop table if exists users
Hibernate: 
    create table blacklisted_tokens (
        expiration_time datetime(6),
        token varchar(255) not null,
        primary key (token)
    ) engine=InnoDB
Hibernate: 
    create table follows (
        created_at datetime(6) not null,
        follower_id bigint not null,
        following_id bigint not null,
        id bigint not null auto_increment,
        primary key (id)
    ) engine=InnoDB
Hibernate: 
    create table interests (
        id bigint not null auto_increment,
        category varchar(50),
        code varchar(50) not null,
        name varchar(50) not null,
        primary key (id)
    ) engine=InnoDB
Hibernate: 
    create table magazine_interactions (
        created_at datetime(6),
        id bigint not null auto_increment,
        magazine_id bigint not null,
        action_type varchar(255) not null,
        ai_response TEXT,
        user_message TEXT not null,
        primary key (id)
    ) engine=InnoDB
Hibernate: 
    create table magazine_likes (
        created_at datetime(6) not null,
        id bigint not null auto_increment,
        magazine_id bigint not null,
        user_id bigint not null,
        primary key (id)
    ) engine=InnoDB
Hibernate: 
    create table magazine_sections (
        display_order integer,
        id bigint not null auto_increment,
        magazine_id bigint,
        thumbnail_url varchar(500),
        heading varchar(255),
        layout_hint varchar(255),
        layout_type varchar(255),
        primary key (id)
    ) engine=InnoDB
Hibernate: 
    create table magazines (
        created_at datetime(6),
        id bigint not null auto_increment,
        user_id bigint,
        version bigint,
        cover_image_url varchar(255),
        introduction TEXT,
        moodboard_description TEXT,
        moodboard_image_url varchar(255),
        subtitle varchar(255),
        tags TEXT,
        title varchar(255),
        primary key (id)
    ) engine=InnoDB
Hibernate: 
    create table moodboards (
        created_at datetime(6) not null,
        id bigint not null auto_increment,
        magazine_id bigint,
        user_id bigint not null,
        image_url varchar(2048) not null,
        prompt TEXT,
        primary key (id)
    ) engine=InnoDB
Hibernate: 
    create table paragraph (
        display_order integer,
        id bigint not null auto_increment,
        section_id bigint not null,
        subtitle varchar(200) not null,
        image_url varchar(500),
        text TEXT not null,
        primary key (id)
    ) engine=InnoDB
Hibernate: 
    create table section_view_history (
        id bigint not null auto_increment,
        section_id bigint not null,
        user_id bigint not null,
        viewed_at datetime(6) not null,
        primary key (id)
    ) engine=InnoDB
Hibernate: 
    create table user_interests (
        created_at datetime(6),
        id bigint not null auto_increment,
        interest_id bigint not null,
        user_id bigint not null,
        primary key (id)
    ) engine=InnoDB
Hibernate: 
    create table users (
        deleted bit,
        is_public bit not null,
        created_at datetime(6),
        deleted_at datetime(6),
        id bigint not null auto_increment,
        updated_at datetime(6),
        email varchar(255) not null,
        nickname varchar(255) not null,
        password varchar(255) not null,
        profile_image_url varchar(255),
        username varchar(255) not null,
        role enum ('USER','ADMIN'),
        primary key (id)
    ) engine=InnoDB
Hibernate: 
    alter table follows 
       add constraint UK4faelgsm2rxl2jf3iyjy981ro unique (follower_id, following_id)
Hibernate: 
    alter table interests 
       add constraint UK_1qqv7xc9nmldaavefohs1hwg0 unique (code)
Hibernate: 
    alter table magazine_likes 
       add constraint UKj0kn45gyhctbw5ip5ks58fqxc unique (user_id, magazine_id)
Hibernate: 
    create index idx_user_viewed 
       on section_view_history (user_id, viewed_at desc)
Hibernate: 
    alter table users 
       add constraint UK_6dotkott2kjsp8vw4d0m25fb7 unique (email)
Hibernate: 
    alter table users 
       add constraint UK_r43af9ap4edm43mmtq01oddj6 unique (username)
Hibernate: 
    alter table follows 
       add constraint FKqnkw0cwwh6572nyhvdjqlr163 
       foreign key (follower_id) 
       references users (id)
Hibernate: 
    alter table follows 
       add constraint FKonkdkae2ngtx70jqhsh7ol6uq 
       foreign key (following_id) 
       references users (id)
Hibernate: 
    alter table magazine_interactions 
       add constraint FKcpb788ybpnq3bd2i914lcibb5 
       foreign key (magazine_id) 
       references magazines (id)
Hibernate: 
    alter table magazine_likes 
       add constraint FKj5n3l1l7y03mtcub59ie8m6ao 
       foreign key (magazine_id) 
       references magazines (id)
Hibernate: 
    alter table magazine_likes 
       add constraint FKn6g8yqc5v1rvflhvrjj9xa0x3 
       foreign key (user_id) 
       references users (id)
Hibernate: 
    alter table magazine_sections 
       add constraint FKorapmi6fk6vadrfjvxuqljha6 
       foreign key (magazine_id) 
       references magazines (id)
Hibernate: 
    alter table magazines 
       add constraint FKfiwey3ksjglkagiievnjw3bus 
       foreign key (user_id) 
       references users (id)
Hibernate: 
    alter table paragraph 
       add constraint FK8uxi8uoutbs7ipnw6ll0rc0h5 
       foreign key (section_id) 
       references magazine_sections (id)
Hibernate: 
    alter table section_view_history 
       add constraint FKxmiqxhhluqh3dhykloiccfxn 
       foreign key (section_id) 
       references magazine_sections (id)
Hibernate: 
    alter table section_view_history 
       add constraint FKckcrbn20g8msum4vky8h46nwn 
       foreign key (user_id) 
       references users (id)
Hibernate: 
    alter table user_interests 
       add constraint FK8h2mk04o9ctuoqvntl29chtcm 
       foreign key (interest_id) 
       references interests (id)
Hibernate: 
    alter table user_interests 
       add constraint FKdv9fflrh61wyuujfwx2yn1tb4 
       foreign key (user_id) 
       references users (id)
2026-02-13 18:11:16 [main] WARN  o.s.b.a.o.j.JpaBaseConfiguration$JpaWebConfiguration - spring.jpa.open-in-view is enabled by default. Therefore, database queries may be performed during view rendering. Explicitly configure spring.jpa.open-in-view to disable this warning
2026-02-13 18:11:17 [main] WARN  o.s.b.w.s.c.AnnotationConfigServletWebServerApplicationContext - Exception encountered during context initialization - cancelling refresh attempt: org.springframework.beans.factory.BeanCreationException: Error creating bean with name 'dataSourceScriptDatabaseInitializer' defined in class path resource [org/springframework/boot/autoconfigure/sql/init/DataSourceInitializationConfiguration.class]: Failed to execute SQL script statement #49 of file [C:\Dev\workspace\project\Mine\Mine_server\build\resources\main\data.sql]: INSERT INTO users (username, password, email, nickname, created_at) VALUES ('shared_user', '$2a$10$N9qo8uLOickgx2ZMRZoMy.MqrqtqzZME3xpB8vCqMRK3H.KxD6Qdi', 'shared@mine.com', '공용테스터', NOW()) ON DUPLICATE KEY UPDATE username=username
2026-02-13 18:11:19 [main] INFO  o.a.catalina.core.StandardService - Stopping service [Tomcat]
2026-02-13 18:11:19 [main] ERROR o.s.boot.SpringApplication - Application run failed
org.springframework.beans.factory.BeanCreationException: Error creating bean with name 'dataSourceScriptDatabaseInitializer' defined in class path resource [org/springframework/boot/autoconfigure/sql/init/DataSourceInitializationConfiguration.class]: Failed to execute SQL script statement #49 of file [C:\Dev\workspace\project\Mine\Mine_server\build\resources\main\data.sql]: INSERT INTO users (username, password, email, nickname, created_at) VALUES ('shared_user', '$2a$10$N9qo8uLOickgx2ZMRZoMy.MqrqtqzZME3xpB8vCqMRK3H.KxD6Qdi', 'shared@mine.com', '공용테스터', NOW()) ON DUPLICATE KEY UPDATE username=username
	at org.springframework.beans.factory.support.AbstractAutowireCapableBeanFactory.initializeBean(AbstractAutowireCapableBeanFactory.java:1775)
	at org.springframework.beans.factory.support.AbstractAutowireCapableBeanFactory.doCreateBean(AbstractAutowireCapableBeanFactory.java:601)
	at org.springframework.beans.factory.support.AbstractAutowireCapableBeanFactory.createBean(AbstractAutowireCapableBeanFactory.java:523)
	at org.springframework.beans.factory.support.AbstractBeanFactory.lambda$doGetBean$0(AbstractBeanFactory.java:325)
	at org.springframework.beans.factory.support.DefaultSingletonBeanRegistry.getSingleton(DefaultSingletonBeanRegistry.java:234)
	at org.springframework.beans.factory.support.AbstractBeanFactory.doGetBean(AbstractBeanFactory.java:323)
	at org.springframework.beans.factory.support.AbstractBeanFactory.getBean(AbstractBeanFactory.java:199)
	at org.springframework.beans.factory.support.AbstractBeanFactory.doGetBean(AbstractBeanFactory.java:312)
	at org.springframework.beans.factory.support.AbstractBeanFactory.getBean(AbstractBeanFactory.java:199)
	at org.springframework.beans.factory.support.DefaultListableBeanFactory.preInstantiateSingletons(DefaultListableBeanFactory.java:973)
	at org.springframework.context.support.AbstractApplicationContext.finishBeanFactoryInitialization(AbstractApplicationContext.java:946)
	at org.springframework.context.support.AbstractApplicationContext.refresh(AbstractApplicationContext.java:616)
	at org.springframework.boot.web.servlet.context.ServletWebServerApplicationContext.refresh(ServletWebServerApplicationContext.java:146)
	at org.springframework.boot.SpringApplication.refresh(SpringApplication.java:753)
	at org.springframework.boot.SpringApplication.refreshContext(SpringApplication.java:455)
	at org.springframework.boot.SpringApplication.run(SpringApplication.java:323)
	at org.springframework.boot.SpringApplication.run(SpringApplication.java:1342)
	at org.springframework.boot.SpringApplication.run(SpringApplication.java:1331)
	at com.mine.api.MineApplication.main(MineApplication.java:10)
Caused by: org.springframework.jdbc.datasource.init.ScriptStatementFailedException: Failed to execute SQL script statement #49 of file [C:\Dev\workspace\project\Mine\Mine_server\build\resources\main\data.sql]: INSERT INTO users (username, password, email, nickname, created_at) VALUES ('shared_user', '$2a$10$N9qo8uLOickgx2ZMRZoMy.MqrqtqzZME3xpB8vCqMRK3H.KxD6Qdi', 'shared@mine.com', '공용테스터', NOW()) ON DUPLICATE KEY UPDATE username=username
	at org.springframework.jdbc.datasource.init.ScriptUtils.executeSqlScript(ScriptUtils.java:282)
	at org.springframework.jdbc.datasource.init.ResourceDatabasePopulator.populate(ResourceDatabasePopulator.java:254)
	at org.springframework.jdbc.datasource.init.DatabasePopulatorUtils.execute(DatabasePopulatorUtils.java:54)
	at org.springframework.boot.jdbc.init.DataSourceScriptDatabaseInitializer.runScripts(DataSourceScriptDatabaseInitializer.java:87)
	at org.springframework.boot.sql.init.AbstractScriptDatabaseInitializer.runScripts(AbstractScriptDatabaseInitializer.java:146)
	at org.springframework.boot.sql.init.AbstractScriptDatabaseInitializer.applyScripts(AbstractScriptDatabaseInitializer.java:108)
	at org.springframework.boot.sql.init.AbstractScriptDatabaseInitializer.applyDataScripts(AbstractScriptDatabaseInitializer.java:102)
	at org.springframework.boot.sql.init.AbstractScriptDatabaseInitializer.initializeDatabase(AbstractScriptDatabaseInitializer.java:77)
	at org.springframework.boot.sql.init.AbstractScriptDatabaseInitializer.afterPropertiesSet(AbstractScriptDatabaseInitializer.java:66)
	at org.springframework.beans.factory.support.AbstractAutowireCapableBeanFactory.invokeInitMethods(AbstractAutowireCapableBeanFactory.java:1822)
	at org.springframework.beans.factory.support.AbstractAutowireCapableBeanFactory.initializeBean(AbstractAutowireCapableBeanFactory.java:1771)
	... 18 common frames omitted
Caused by: java.sql.SQLException: Field 'is_public' doesn't have a default value
	at com.mysql.cj.jdbc.exceptions.SQLError.createSQLException(SQLError.java:130)
	at com.mysql.cj.jdbc.exceptions.SQLExceptionsMapping.translateException(SQLExceptionsMapping.java:122)
	at com.mysql.cj.jdbc.StatementImpl.executeInternal(StatementImpl.java:763)
	at com.mysql.cj.jdbc.StatementImpl.execute(StatementImpl.java:648)
	at com.zaxxer.hikari.pool.ProxyStatement.execute(ProxyStatement.java:94)
	at com.zaxxer.hikari.pool.HikariProxyStatement.execute(HikariProxyStatement.java)
	at org.springframework.jdbc.datasource.init.ScriptUtils.executeSqlScript(ScriptUtils.java:261)
	... 28 common frames omitted

> Task :bootRun FAILED

FAILURE: Build failed with an exception.

* What went wrong:
Execution failed for task ':bootRun'.
> Process 'command 'C:\Dev\env\jdk-17\bin\java.exe'' finished with non-zero exit value 1

* Try:
> Run with --stacktrace option to get the stack trace.
> Run with --info or --debug option to get more log output.
> Run with --scan to get full insights.
> Get more help at https://help.gradle.org.

BUILD FAILED in 12s
4 actionable tasks: 3 executed, 1 up-to-date
