> Task :compileJava
in ch.qos.logback.classic.LoggerContext[default] - This is logback-classic version 1.4.11
21:10:28,954 |-INFO in ch.qos.logback.classic.util.ContextInitializer@4fbda97b - Here is a list of configurators discovered as a service, by rank: 
21:10:28,954 |-INFO in ch.qos.logback.classic.util.ContextInitializer@4fbda97b -   org.springframework.boot.logging.logback.RootLogLevelConfigurator
21:10:28,954 |-INFO in ch.qos.logback.classic.util.ContextInitializer@4fbda97b - They will be invoked in order until ExecutionStatus.DO_NOT_INVOKE_NEXT_IF_ANY is returned.
21:10:28,954 |-INFO in ch.qos.logback.classic.util.ContextInitializer@4fbda97b - Constructed configurator of type class org.springframework.boot.logging.logback.RootLogLevelConfigurator
21:10:28,967 |-INFO in ch.qos.logback.classic.util.ContextInitializer@4fbda97b - org.springframework.boot.logging.logback.RootLogLevelConfigurator.configure() call lasted 1 milliseconds. ExecutionStatus=INVOKE_NEXT_IF_ANY
21:10:28,967 |-INFO in ch.qos.logback.classic.util.ContextInitializer@4fbda97b - Trying to configure with ch.qos.logback.classic.joran.SerializedModelConfigurator
21:10:28,970 |-INFO in ch.qos.logback.classic.util.ContextInitializer@4fbda97b - Constructed configurator of type class ch.qos.logback.classic.joran.SerializedModelConfigurator
21:10:29,014 |-INFO in ch.qos.logback.classic.LoggerContext[default] - Could NOT find resource [logback-test.scmo]
21:10:29,015 |-INFO in ch.qos.logback.classic.LoggerContext[default] - Could NOT find resource [logback.scmo]
21:10:29,015 |-INFO in ch.qos.logback.classic.util.ContextInitializer@4fbda97b - ch.qos.logback.classic.joran.SerializedModelConfigurator.configure() call lasted 45 milliseconds. ExecutionStatus=INVOKE_NEXT_IF_ANY
21:10:29,015 |-INFO in ch.qos.logback.classic.util.ContextInitializer@4fbda97b - Trying to configure with ch.qos.logback.classic.util.DefaultJoranConfigurator
21:10:29,018 |-INFO in ch.qos.logback.classic.util.ContextInitializer@4fbda97b - Constructed configurator of type class ch.qos.logback.classic.util.DefaultJoranConfigurator
21:10:29,019 |-INFO in ch.qos.logback.classic.LoggerContext[default] - Could NOT find resource [logback-test.xml]
21:10:29,021 |-INFO in ch.qos.logback.classic.LoggerContext[default] - Could NOT find resource [logback.xml]
21:10:29,021 |-INFO in ch.qos.logback.classic.util.ContextInitializer@4fbda97b - ch.qos.logback.classic.util.DefaultJoranConfigurator.configure() call lasted 3 milliseconds. ExecutionStatus=INVOKE_NEXT_IF_ANY
21:10:29,021 |-INFO in ch.qos.logback.classic.util.ContextInitializer@4fbda97b - Trying to configure with ch.qos.logback.classic.BasicConfigurator
21:10:29,025 |-INFO in ch.qos.logback.classic.util.ContextInitializer@4fbda97b - Constructed configurator of type class ch.qos.logback.classic.BasicConfigurator
21:10:29,025 |-INFO in ch.qos.logback.classic.BasicConfigurator@75f5fd58 - Setting up default configuration.
21:10:29,062 |-INFO in ch.qos.logback.classic.util.ContextInitializer@4fbda97b - ch.qos.logback.classic.BasicConfigurator.configure() call lasted 37 milliseconds. ExecutionStatus=NEUTRAL
21:10:30,038 |-INFO in ch.qos.logback.core.joran.spi.ConfigurationWatchList@37b70343 - URL [jar:nested:/Users/jangjimin/my_dev/Mine-server/build/libs/Mine-server-0.0.1-SNAPSHOT.jar/!BOOT-INF/classes/!/logback-spring.xml] is not of type file
21:10:30,213 |-INFO in ch.qos.logback.core.model.processor.AppenderModelHandler - Processing appender named [CONSOLE]
21:10:30,213 |-INFO in ch.qos.logback.core.model.processor.AppenderModelHandler - About to instantiate appender of type [ch.qos.logback.core.ConsoleAppender]
21:10:30,221 |-INFO in ch.qos.logback.core.model.processor.ImplicitModelHandler - Assuming default type [ch.qos.logback.classic.encoder.PatternLayoutEncoder] for [encoder] property
21:10:30,277 |-WARN in ch.qos.logback.core.model.processor.AppenderModelHandler - Appender named [LOGTAIL] not referenced. Skipping further processing.
21:10:30,278 |-INFO in ch.qos.logback.classic.model.processor.RootLoggerModelHandler - Setting level of ROOT logger to INFO
21:10:30,278 |-INFO in ch.qos.logback.classic.jul.LevelChangePropagator@306851c7 - Propagating INFO level on Logger[ROOT] onto the JUL framework
21:10:30,279 |-INFO in ch.qos.logback.core.model.processor.AppenderRefModelHandler - Attaching appender named [CONSOLE] to Logger[ROOT]
21:10:30,279 |-INFO in ch.qos.logback.classic.model.processor.LoggerModelHandler - Setting level of logger [org.hibernate] to WARN
21:10:30,279 |-INFO in ch.qos.logback.classic.jul.LevelChangePropagator@306851c7 - Propagating WARN level on Logger[org.hibernate] onto the JUL framework
21:10:30,279 |-INFO in ch.qos.logback.classic.model.processor.LoggerModelHandler - Setting level of logger [org.springframework] to WARN
21:10:30,279 |-INFO in ch.qos.logback.classic.jul.LevelChangePropagator@306851c7 - Propagating WARN level on Logger[org.springframework] onto the JUL framework
21:10:30,279 |-INFO in ch.qos.logback.classic.model.processor.LoggerModelHandler - Setting level of logger [com.zaxxer.hikari] to WARN
21:10:30,279 |-INFO in ch.qos.logback.classic.jul.LevelChangePropagator@306851c7 - Propagating WARN level on Logger[com.zaxxer.hikari] onto the JUL framework
21:10:30,279 |-INFO in ch.qos.logback.classic.model.processor.LoggerModelHandler - Setting level of logger [com.mine] to DEBUG
21:10:30,279 |-INFO in ch.qos.logback.classic.jul.LevelChangePropagator@306851c7 - Propagating DEBUG level on Logger[com.mine] onto the JUL framework
21:10:30,279 |-INFO in ch.qos.logback.core.model.processor.DefaultProcessor@12bcd0c0 - End of configuration.
21:10:30,279 |-INFO in org.springframework.boot.logging.logback.SpringBootJoranConfigurator@4879f0f2 - Registering current configuration as safe fallback point


  .   ____          _            __ _ _
 /\\ / ___'_ __ _ _(_)_ __  __ _ \ \ \ \
( ( )\___ | '_ | '_| | '_ \/ _` | \ \ \ \
 \\/  ___)| |_)| | | | | || (_| |  ) ) ) )
  '  |____| .__|_| |_|_| |_\__, | / / / /
 =========|_|==============|___/=/_/_/_/
 :: Spring Boot ::                (v3.2.0)

2026-01-30 21:10:30 [main] INFO  com.mine.api.MineApplication - Starting MineApplication v0.0.1-SNAPSHOT using Java 21.0.8 with PID 6276 (/Users/jangjimin/my_dev/Mine-server/build/libs/Mine-server-0.0.1-SNAPSHOT.jar started by jangjimin in /Users/jangjimin/my_dev/Mine-server)
2026-01-30 21:10:30 [main] DEBUG com.mine.api.MineApplication - Running with Spring Boot v3.2.0, Spring v6.1.1
2026-01-30 21:10:30 [main] INFO  com.mine.api.MineApplication - No active profile set, falling back to 1 default profile: "default"
2026-01-30 21:10:35 [main] INFO  o.a.coyote.http11.Http11NioProtocol - Initializing ProtocolHandler ["http-nio-8080"]
2026-01-30 21:10:35 [main] INFO  o.a.catalina.core.StandardService - Starting service [Tomcat]
2026-01-30 21:10:35 [main] INFO  o.a.catalina.core.StandardEngine - Starting Servlet engine: [Apache Tomcat/10.1.16]
2026-01-30 21:10:35 [main] INFO  o.a.c.c.C.[Tomcat].[localhost].[/] - Initializing Spring embedded WebApplicationContext
2026-01-30 21:10:37 [main] WARN  org.hibernate.orm.deprecation - HHH90000025: MySQLDialect does not need to be specified explicitly using 'hibernate.dialect' (remove the property setting and it will be selected by default)
2026-01-30 21:10:42 [main] WARN  o.s.b.a.o.j.JpaBaseConfiguration$JpaWebConfiguration - spring.jpa.open-in-view is enabled by default. Therefore, database queries may be performed during view rendering. Explicitly configure spring.jpa.open-in-view to disable this warning
2026-01-30 21:10:43 [main] INFO  o.a.coyote.http11.Http11NioProtocol - Starting ProtocolHandler ["http-nio-8080"]
2026-01-30 21:10:43 [main] INFO  com.mine.api.MineApplication - Started MineApplication in 14.466 seconds (process running for 15.374)
2026-01-30 21:10:46 [http-nio-8080-exec-1] INFO  o.a.c.c.C.[Tomcat].[localhost].[/] - Initializing Spring DispatcherServlet 'dispatcherServlet'
Hibernate: 
    select
        bt1_0.token 
    from
        blacklisted_tokens bt1_0 
    where
        bt1_0.token=? 
    limit
        ?
Hibernate: 
    select
        u1_0.id,
        u1_0.created_at,
        u1_0.deleted,
        u1_0.deleted_at,
        u1_0.email,
        (SELECT
            count(*) 
        FROM
            follows f 
        WHERE
            f.following_id = u1_0.id),
        (SELECT
            count(*) 
        FROM
            follows f 
        WHERE
            f.follower_id = u1_0.id),
        u1_0.is_public,
        (SELECT
            count(*) 
        FROM
            magazines m 
        WHERE
            m.user_id = u1_0.id),
        u1_0.nickname,
        u1_0.password,
        u1_0.profile_image_url,
        u1_0.role,
        u1_0.updated_at,
        u1_0.username 
    from
        users u1_0 
    where
        (
            u1_0.deleted = 0
        ) 
        and u1_0.username=?
2026-01-30 21:10:46 [http-nio-8080-exec-1] WARN  o.s.w.s.h.HandlerMappingIntrospector - Cache miss for REQUEST dispatch to '/api/magazines/64/sections/108' (previous null). Performing MatchableHandlerMapping lookup. This is logged once only at WARN level, and every time at TRACE.
Hibernate: 
    select
        m1_0.id,
        m1_0.cover_image_url,
        m1_0.created_at,
        m1_0.introduction,
        m1_0.moodboard_description,
        m1_0.moodboard_image_url,
        m1_0.subtitle,
        m1_0.tags,
        m1_0.title,
        m1_0.user_id,
        m1_0.version 
    from
        magazines m1_0 
    where
        m1_0.id=?
Hibernate: 
    select
        u1_0.id,
        u1_0.created_at,
        u1_0.deleted,
        u1_0.deleted_at,
        u1_0.email,
        (SELECT
            count(*) 
        FROM
            follows f 
        WHERE
            f.following_id = u1_0.id),
        (SELECT
            count(*) 
        FROM
            follows f 
        WHERE
            f.follower_id = u1_0.id),
        u1_0.is_public,
        (SELECT
            count(*) 
        FROM
            magazines m 
        WHERE
            m.user_id = u1_0.id),
        u1_0.nickname,
        u1_0.password,
        u1_0.profile_image_url,
        u1_0.role,
        u1_0.updated_at,
        u1_0.username 
    from
        users u1_0 
    where
        u1_0.id=? 
        and (
            u1_0.deleted = 0
        )
Hibernate: 
    select
        s1_0.magazine_id,
        s1_0.id,
        s1_0.caption,
        s1_0.content,
        s1_0.display_order,
        s1_0.heading,
        s1_0.image_url,
        s1_0.layout_hint,
        s1_0.layout_type 
    from
        magazine_sections s1_0 
    where
        s1_0.magazine_id=?
Hibernate: 
    select
        u1_0.id,
        u1_0.created_at,
        u1_0.deleted,
        u1_0.deleted_at,
        u1_0.email,
        (SELECT
            count(*) 
        FROM
            follows f 
        WHERE
            f.following_id = u1_0.id),
        (SELECT
            count(*) 
        FROM
            follows f 
        WHERE
            f.follower_id = u1_0.id),
        u1_0.is_public,
        (SELECT
            count(*) 
        FROM
            magazines m 
        WHERE
            m.user_id = u1_0.id),
        u1_0.nickname,
        u1_0.password,
        u1_0.profile_image_url,
        u1_0.role,
        u1_0.updated_at,
        u1_0.username 
    from
        users u1_0 
    where
        (
            u1_0.deleted = 0
        ) 
        and u1_0.username=?
Hibernate: 
    select
        svh1_0.id,
        svh1_0.section_id,
        svh1_0.user_id,
        svh1_0.viewed_at 
    from
        section_view_history svh1_0 
    where
        svh1_0.user_id=? 
        and svh1_0.section_id=?
Hibernate: 
    select
        count(svh1_0.id) 
    from
        section_view_history svh1_0 
    where
        svh1_0.user_id=?
Hibernate: 
    insert 
    into
        section_view_history
        (section_id, user_id, viewed_at) 
    values
        (?, ?, ?)
Hibernate: 
    select
        bt1_0.token 
    from
        blacklisted_tokens bt1_0 
    where
        bt1_0.token=? 
    limit
        ?
Hibernate: 
    select
        u1_0.id,
        u1_0.created_at,
        u1_0.deleted,
        u1_0.deleted_at,
        u1_0.email,
        (SELECT
            count(*) 
        FROM
            follows f 
        WHERE
            f.following_id = u1_0.id),
        (SELECT
            count(*) 
        FROM
            follows f 
        WHERE
            f.follower_id = u1_0.id),
        u1_0.is_public,
        (SELECT
            count(*) 
        FROM
            magazines m 
        WHERE
            m.user_id = u1_0.id),
        u1_0.nickname,
        u1_0.password,
        u1_0.profile_image_url,
        u1_0.role,
        u1_0.updated_at,
        u1_0.username 
    from
        users u1_0 
    where
        (
            u1_0.deleted = 0
        ) 
        and u1_0.username=?
Hibernate: 
    select
        u1_0.id,
        u1_0.created_at,
        u1_0.deleted,
        u1_0.deleted_at,
        u1_0.email,
        (SELECT
            count(*) 
        FROM
            follows f 
        WHERE
            f.following_id = u1_0.id),
        (SELECT
            count(*) 
        FROM
            follows f 
        WHERE
            f.follower_id = u1_0.id),
        u1_0.is_public,
        (SELECT
            count(*) 
        FROM
            magazines m 
        WHERE
            m.user_id = u1_0.id),
        u1_0.nickname,
        u1_0.password,
        u1_0.profile_image_url,
        u1_0.role,
        u1_0.updated_at,
        u1_0.username 
    from
        users u1_0 
    where
        (
            u1_0.deleted = 0
        ) 
        and u1_0.username=?
Hibernate: 
    select
        svh1_0.id,
        svh1_0.section_id,
        svh1_0.user_id,
        svh1_0.viewed_at 
    from
        section_view_history svh1_0 
    where
        svh1_0.user_id=? 
        and svh1_0.viewed_at>? 
    order by
        svh1_0.viewed_at desc 
    limit
        ?
Hibernate: 
    select
        ms1_0.id,
        ms1_0.caption,
        ms1_0.content,
        ms1_0.display_order,
        ms1_0.heading,
        ms1_0.image_url,
        ms1_0.layout_hint,
        ms1_0.layout_type,
        ms1_0.magazine_id 
    from
        magazine_sections ms1_0 
    where
        ms1_0.id=?
Hibernate: 
    select
        m1_0.id,
        m1_0.cover_image_url,
        m1_0.created_at,
        m1_0.introduction,
        m1_0.moodboard_description,
        m1_0.moodboard_image_url,
        m1_0.subtitle,
        m1_0.tags,
        m1_0.title,
        m1_0.user_id,
        m1_0.version 
    from
        magazines m1_0 
    where
        m1_0.id=?
2026-01-30 22:12:47 [http-nio-8080-exec-1] INFO  o.s.api.AbstractOpenApiResource - Init duration for springdoc-openapi is: 1470 ms
