> Task :compileJava UP-TO-DATE
> Task :processResources
> Task :classes
> Task :resolveMainClassName

> Task :bootRun
17:35:16,115 |-INFO in ch.qos.logback.core.model.processor.AppenderModelHandler - Processing appender named [CONSOLE]
17:35:16,115 |-INFO in ch.qos.logback.core.model.processor.AppenderModelHandler - About to instantiate appender of type [ch.qos.logback.core.ConsoleAppender]
17:35:16,118 |-INFO in ch.qos.logback.core.model.processor.ImplicitModelHandler - Assuming default type [ch.qos.logback.classic.encoder.PatternLayoutEncoder] for [encoder] property
17:35:16,133 |-WARN in ch.qos.logback.core.model.processor.AppenderModelHandler - Appender named [LOGTAIL] not referenced. Skipping further processing.
17:35:16,133 |-INFO in ch.qos.logback.classic.model.processor.RootLoggerModelHandler - Setting level of ROOT logger to INFO
17:35:16,133 |-INFO in ch.qos.logback.classic.jul.LevelChangePropagator@21baa903 - Propagating INFO level on Logger[ROOT] onto the JUL framework
17:35:16,135 |-INFO in ch.qos.logback.core.model.processor.AppenderRefModelHandler - Attaching appender named [CONSOLE] to Logger[ROOT]
17:35:16,135 |-INFO in ch.qos.logback.classic.model.processor.LoggerModelHandler - Setting level of logger [org.hibernate] to WARN
17:35:16,135 |-INFO in ch.qos.logback.classic.jul.LevelChangePropagator@21baa903 - Propagating WARN level on Logger[org.hibernate] onto the JUL framework
17:35:16,135 |-INFO in ch.qos.logback.classic.model.processor.LoggerModelHandler - Setting level of logger [org.springframework] to WARN
17:35:16,135 |-INFO in ch.qos.logback.classic.jul.LevelChangePropagator@21baa903 - Propagating WARN level on Logger[org.springframework] onto the JUL framework
17:35:16,135 |-INFO in ch.qos.logback.classic.model.processor.LoggerModelHandler - Setting level of logger [com.zaxxer.hikari] to WARN
17:35:16,135 |-INFO in ch.qos.logback.classic.jul.LevelChangePropagator@21baa903 - Propagating WARN level on Logger[com.zaxxer.hikari] onto the JUL framework
17:35:16,135 |-INFO in ch.qos.logback.classic.model.processor.LoggerModelHandler - Setting level of logger [com.mine] to DEBUG
17:35:16,135 |-INFO in ch.qos.logback.classic.jul.LevelChangePropagator@21baa903 - Propagating DEBUG level on Logger[com.mine] onto the JUL framework
17:35:16,135 |-INFO in ch.qos.logback.core.model.processor.DefaultProcessor@607fbe09 - End of configuration.
17:35:16,135 |-INFO in org.springframework.boot.logging.logback.SpringBootJoranConfigurator@60a2630a - Registering current configuration as safe fallback point


  .   ____          _            __ _ _
 /\\ / ___'_ __ _ _(_)_ __  __ _ \ \ \ \
( ( )\___ | '_ | '_| | '_ \/ _` | \ \ \ \
 \\/  ___)| |_)| | | | | || (_| |  ) ) ) )
  '  |____| .__|_| |_|_| |_\__, | / / / /
 =========|_|==============|___/=/_/_/_/
 :: Spring Boot ::                (v3.2.0)

2026-02-13 17:35:16 [main] INFO  com.mine.api.MineApplication - Starting MineApplication using Java 17.0.12 with PID 25988 (C:\Dev\workspace\project\Mine\Mine_server\build\classes\java\main started by 7even in C:\Dev\workspace\project\Mine\Mine_server)
2026-02-13 17:35:16 [main] DEBUG com.mine.api.MineApplication - Running with Spring Boot v3.2.0, Spring v6.1.1
2026-02-13 17:35:16 [main] INFO  com.mine.api.MineApplication - No active profile set, falling back to 1 default profile: "default"
2026-02-13 17:35:18 [main] INFO  o.a.coyote.http11.Http11NioProtocol - Initializing ProtocolHandler ["http-nio-8080"]
2026-02-13 17:35:18 [main] INFO  o.a.catalina.core.StandardService - Starting service [Tomcat]
2026-02-13 17:35:18 [main] INFO  o.a.catalina.core.StandardEngine - Starting Servlet engine: [Apache Tomcat/10.1.16]
2026-02-13 17:35:18 [main] INFO  o.a.c.c.C.[Tomcat].[localhost].[/] - Initializing Spring embedded WebApplicationContext
2026-02-13 17:35:18 [main] WARN  o.s.b.w.s.c.AnnotationConfigServletWebServerApplicationContext - Exception encountered during context initialization - cancelling refresh attempt: org.springframework.beans.factory.BeanCreationException: Error creating bean with name 'dataSourceScriptDatabaseInitializer' defined in class path resource [org/springframework/boot/autoconfigure/sql/init/DataSourceInitializationConfiguration.class]: Failed to execute SQL script statement #51 of file [C:\Dev\workspace\project\Mine\Mine_server\build\resources\main\data.sql]: INSERT INTO magazines (user_id, title, subtitle, introduction, cover_image_url, tags, created_at) SELECT u.id, '겨울 패션 트렌드 2025', '따뜻함과 스타일을 동시에', '올 겨울 꼭 알아야 할 패션 트렌드를 소개합니다.', 'https://images.unsplash.com/photo-1483985988355-763728e1935b?w=800', '패션,겨울,트렌드', NOW() FROM users u WHERE u.username = 'shared_user' ON DUPLICATE KEY UPDATE title=title
2026-02-13 17:35:18 [main] INFO  o.a.catalina.core.StandardService - Stopping service [Tomcat]
2026-02-13 17:35:18 [main] ERROR o.s.boot.SpringApplication - Application run failed
org.springframework.beans.factory.BeanCreationException: Error creating bean with name 'dataSourceScriptDatabaseInitializer' defined in class path resource [org/springframework/boot/autoconfigure/sql/init/DataSourceInitializationConfiguration.class]: Failed to execute SQL script statement #51 of file [C:\Dev\workspace\project\Mine\Mine_server\build\resources\main\data.sql]: INSERT INTO magazines (user_id, title, subtitle, introduction, cover_image_url, tags, created_at) SELECT u.id, '겨울 패션 트렌드 2025', '따뜻함과 스타일을 동시에', '올 겨울 꼭 알아야 할 패션 트렌드를 소개합니다.', 'https://images.unsplash.com/photo-1483985988355-763728e1935b?w=800', '패션,겨울,트렌드', NOW() FROM users u WHERE u.username = 'shared_user' ON DUPLICATE KEY UPDATE title=title
	at org.springframework.beans.factory.support.AbstractAutowireCapableBeanFactory.initializeBean(AbstractAutowireCapableBeanFactory.java:1775)
	at org.springframework.beans.factory.support.AbstractAutowireCapableBeanFactory.doCreateBean(AbstractAutowireCapableBeanFactory.java:601)
	at org.springframework.beans.factory.support.AbstractAutowireCapableBeanFactory.createBean(AbstractAutowireCapableBeanFactory.java:523)
	at org.springframework.beans.factory.support.AbstractBeanFactory.lambda$doGetBean$0(AbstractBeanFactory.java:325)
	at org.springframework.beans.factory.support.DefaultSingletonBeanRegistry.getSingleton(DefaultSingletonBeanRegistry.java:234)
	at org.springframework.beans.factory.support.AbstractBeanFactory.doGetBean(AbstractBeanFactory.java:323)
	at org.springframework.beans.factory.support.AbstractBeanFactory.getBean(AbstractBeanFactory.java:199)
	at org.springframework.beans.factory.support.AbstractBeanFactory.doGetBean(AbstractBeanFactory.java:312)
	at org.springframework.beans.factory.support.AbstractBeanFactory.getBean(AbstractBeanFactory.java:199)
	at org.springframework.context.support.AbstractApplicationContext.getBean(AbstractApplicationContext.java:1173)
	at org.springframework.context.support.AbstractApplicationContext.finishBeanFactoryInitialization(AbstractApplicationContext.java:936)
	at org.springframework.context.support.AbstractApplicationContext.refresh(AbstractApplicationContext.java:616)
	at org.springframework.boot.web.servlet.context.ServletWebServerApplicationContext.refresh(ServletWebServerApplicationContext.java:146)
	at org.springframework.boot.SpringApplication.refresh(SpringApplication.java:753)
	at org.springframework.boot.SpringApplication.refreshContext(SpringApplication.java:455)
	at org.springframework.boot.SpringApplication.run(SpringApplication.java:323)
	at org.springframework.boot.SpringApplication.run(SpringApplication.java:1342)
	at org.springframework.boot.SpringApplication.run(SpringApplication.java:1331)
	at com.mine.api.MineApplication.main(MineApplication.java:10)
Caused by: org.springframework.jdbc.datasource.init.ScriptStatementFailedException: Failed to execute SQL script statement #51 of file [C:\Dev\workspace\project\Mine\Mine_server\build\resources\main\data.sql]: INSERT INTO magazines (user_id, title, subtitle, introduction, cover_image_url, tags, created_at) SELECT u.id, '겨울 패션 트렌드 2025', '따뜻함과 스타일을 동시에', '올 겨울 꼭 알아야 할 패션 트렌드를 소개합니다.', 'https://images.unsplash.com/photo-1483985988355-763728e1935b?w=800', '패션,겨울,트렌드', NOW() FROM users u WHERE u.username = 'shared_user' ON DUPLICATE KEY UPDATE title=title
	at org.springframework.jdbc.datasource.init.ScriptUtils.executeSqlScript(ScriptUtils.java:282)
	at org.springframework.jdbc.datasource.init.ResourceDatabasePopulator.populate(ResourceDatabasePopulator.java:254)
	at org.springframework.jdbc.datasource.init.DatabasePopulatorUtils.execute(DatabasePopulatorUtils.java:54)
	at org.springframework.boot.jdbc.init.DataSourceScriptDatabaseInitializer.runScripts(DataSourceScriptDatabaseInitializer.java:87)
	at org.springframework.boot.sql.init.AbstractScriptDatabaseInitializer.runScripts(AbstractScriptDatabaseInitializer.java:146)
	at org.springframework.boot.sql.init.AbstractScriptDatabaseInitializer.applyScripts(AbstractScriptDatabaseInitializer.java:108)
	at org.springframework.boot.sql.init.AbstractScriptDatabaseInitializer.applyDataScripts(AbstractScriptDatabaseInitializer.java:102)
	at org.springframework.boot.sql.init.AbstractScriptDatabaseInitializer.initializeDatabase(AbstractScriptDatabaseInitializer.java:77)
	at org.springframework.boot.sql.init.AbstractScriptDatabaseInitializer.afterPropertiesSet(AbstractScriptDatabaseInitializer.java:66)
	at org.springframework.beans.factory.support.AbstractAutowireCapableBeanFactory.invokeInitMethods(AbstractAutowireCapableBeanFactory.java:1822)
	at org.springframework.beans.factory.support.AbstractAutowireCapableBeanFactory.initializeBean(AbstractAutowireCapableBeanFactory.java:1771)
	... 18 common frames omitted
Caused by: java.sql.SQLException: Field 'is_public' doesn't have a default value
	at com.mysql.cj.jdbc.exceptions.SQLError.createSQLException(SQLError.java:130)
	at com.mysql.cj.jdbc.exceptions.SQLExceptionsMapping.translateException(SQLExceptionsMapping.java:122)
	at com.mysql.cj.jdbc.StatementImpl.executeInternal(StatementImpl.java:763)
	at com.mysql.cj.jdbc.StatementImpl.execute(StatementImpl.java:648)
	at com.zaxxer.hikari.pool.ProxyStatement.execute(ProxyStatement.java:94)
	at com.zaxxer.hikari.pool.HikariProxyStatement.execute(HikariProxyStatement.java)
	at org.springframework.jdbc.datasource.init.ScriptUtils.executeSqlScript(ScriptUtils.java:261)
	... 28 common frames omitted

> Task :bootRun FAILED

FAILURE: Build failed with an exception.

* What went wrong:
Execution failed for task ':bootRun'.
> Process 'command 'C:\Dev\env\jdk-17\bin\java.exe'' finished with non-zero exit value 1

* Try:
> Run with --stacktrace option to get the stack trace.
> Run with --info or --debug option to get more log output.
> Run with --scan to get full insights.
> Get more help at https://help.gradle.org.

BUILD FAILED in 6s
4 actionable tasks: 3 executed, 1 up-to-date
